<?xml version="1.0" encoding="UTF-8"?>
<testsuite name="br.com.pizmo.repository.TransactionRepositoryTest" tests="1" skipped="0" failures="0" errors="0" timestamp="2021-09-11T17:37:36" hostname="matheus-VJF155F11X-B2511B" time="0.122">
  <properties/>
  <testcase name="save" classname="br.com.pizmo.repository.TransactionRepositoryTest" time="0.122"/>
  <system-out><![CDATA[14:37:26.377 [Test worker] DEBUG org.springframework.test.context.junit4.SpringJUnit4ClassRunner - SpringJUnit4ClassRunner constructor called with [class br.com.pizmo.repository.TransactionRepositoryTest]
14:37:26.385 [Test worker] DEBUG org.springframework.test.context.BootstrapUtils - Instantiating CacheAwareContextLoaderDelegate from class [org.springframework.test.context.cache.DefaultCacheAwareContextLoaderDelegate]
14:37:26.396 [Test worker] DEBUG org.springframework.test.context.BootstrapUtils - Instantiating BootstrapContext using constructor [public org.springframework.test.context.support.DefaultBootstrapContext(java.lang.Class,org.springframework.test.context.CacheAwareContextLoaderDelegate)]
14:37:26.477 [Test worker] DEBUG org.springframework.test.context.BootstrapUtils - Instantiating TestContextBootstrapper for test class [br.com.pizmo.repository.TransactionRepositoryTest] from class [org.springframework.boot.test.autoconfigure.orm.jpa.DataJpaTestContextBootstrapper]
14:37:26.498 [Test worker] INFO org.springframework.boot.test.autoconfigure.orm.jpa.DataJpaTestContextBootstrapper - Neither @ContextConfiguration nor @ContextHierarchy found for test class [br.com.pizmo.repository.TransactionRepositoryTest], using SpringBootContextLoader
14:37:26.504 [Test worker] DEBUG org.springframework.test.context.support.AbstractContextLoader - Did not detect default resource location for test class [br.com.pizmo.repository.TransactionRepositoryTest]: class path resource [br/com/pizmo/repository/TransactionRepositoryTest-context.xml] does not exist
14:37:26.505 [Test worker] DEBUG org.springframework.test.context.support.AbstractContextLoader - Did not detect default resource location for test class [br.com.pizmo.repository.TransactionRepositoryTest]: class path resource [br/com/pizmo/repository/TransactionRepositoryTestContext.groovy] does not exist
14:37:26.506 [Test worker] INFO org.springframework.test.context.support.AbstractContextLoader - Could not detect default resource locations for test class [br.com.pizmo.repository.TransactionRepositoryTest]: no resource found for suffixes {-context.xml, Context.groovy}.
14:37:26.507 [Test worker] INFO org.springframework.test.context.support.AnnotationConfigContextLoaderUtils - Could not detect default configuration classes for test class [br.com.pizmo.repository.TransactionRepositoryTest]: TransactionRepositoryTest does not declare any static, non-private, non-final, nested classes annotated with @Configuration.
14:37:26.594 [Test worker] DEBUG org.springframework.test.context.support.ActiveProfilesUtils - Could not find an 'annotation declaring class' for annotation type [org.springframework.test.context.ActiveProfiles] and class [br.com.pizmo.repository.TransactionRepositoryTest]
14:37:26.676 [Test worker] DEBUG org.springframework.context.annotation.ClassPathScanningCandidateComponentProvider - Identified candidate component class: file [/home/matheus/dev/pizmo/build/classes/java/main/br/com/pizmo/PyzmoTestApplication.class]
14:37:26.677 [Test worker] INFO org.springframework.boot.test.context.SpringBootTestContextBootstrapper - Found @SpringBootConfiguration br.com.pizmo.PyzmoTestApplication for test class br.com.pizmo.repository.TransactionRepositoryTest
14:37:26.682 [Test worker] DEBUG org.springframework.boot.test.autoconfigure.orm.jpa.DataJpaTestContextBootstrapper - @TestExecutionListeners is not present for class [br.com.pizmo.repository.TransactionRepositoryTest]: using defaults.
14:37:26.682 [Test worker] INFO org.springframework.boot.test.autoconfigure.orm.jpa.DataJpaTestContextBootstrapper - Loaded default TestExecutionListener class names from location [META-INF/spring.factories]: [org.springframework.boot.test.autoconfigure.restdocs.RestDocsTestExecutionListener, org.springframework.boot.test.autoconfigure.web.client.MockRestServiceServerResetTestExecutionListener, org.springframework.boot.test.autoconfigure.web.servlet.MockMvcPrintOnlyOnFailureTestExecutionListener, org.springframework.boot.test.autoconfigure.web.servlet.WebDriverTestExecutionListener, org.springframework.boot.test.autoconfigure.webservices.client.MockWebServiceServerTestExecutionListener, org.springframework.boot.test.mock.mockito.MockitoTestExecutionListener, org.springframework.boot.test.mock.mockito.ResetMocksTestExecutionListener, org.springframework.test.context.web.ServletTestExecutionListener, org.springframework.test.context.support.DirtiesContextBeforeModesTestExecutionListener, org.springframework.test.context.event.ApplicationEventsTestExecutionListener, org.springframework.test.context.support.DependencyInjectionTestExecutionListener, org.springframework.test.context.support.DirtiesContextTestExecutionListener, org.springframework.test.context.transaction.TransactionalTestExecutionListener, org.springframework.test.context.jdbc.SqlScriptsTestExecutionListener, org.springframework.test.context.event.EventPublishingTestExecutionListener]
14:37:26.702 [Test worker] INFO org.springframework.boot.test.autoconfigure.orm.jpa.DataJpaTestContextBootstrapper - Using TestExecutionListeners: [org.springframework.test.context.web.ServletTestExecutionListener@339a017, org.springframework.test.context.support.DirtiesContextBeforeModesTestExecutionListener@5ec21fc8, org.springframework.test.context.event.ApplicationEventsTestExecutionListener@16384db5, org.springframework.boot.test.mock.mockito.MockitoTestExecutionListener@3695a898, org.springframework.boot.test.autoconfigure.SpringBootDependencyInjectionTestExecutionListener@78629f45, org.springframework.test.context.support.DirtiesContextTestExecutionListener@3610f3de, org.springframework.test.context.transaction.TransactionalTestExecutionListener@6291454c, org.springframework.test.context.jdbc.SqlScriptsTestExecutionListener@795be0ee, org.springframework.test.context.event.EventPublishingTestExecutionListener@15afd037, org.springframework.boot.test.autoconfigure.restdocs.RestDocsTestExecutionListener@24904f5f, org.springframework.boot.test.autoconfigure.web.client.MockRestServiceServerResetTestExecutionListener@4c43d5a4, org.springframework.boot.test.autoconfigure.web.servlet.MockMvcPrintOnlyOnFailureTestExecutionListener@6a391052, org.springframework.boot.test.autoconfigure.web.servlet.WebDriverTestExecutionListener@1fc5b4a, org.springframework.boot.test.autoconfigure.webservices.client.MockWebServiceServerTestExecutionListener@27b0169d, org.springframework.boot.test.mock.mockito.ResetMocksTestExecutionListener@750c093a]
14:37:26.704 [Test worker] DEBUG org.springframework.test.annotation.ProfileValueUtils - Retrieved @ProfileValueSourceConfiguration [null] for test class [br.com.pizmo.repository.TransactionRepositoryTest]
14:37:26.705 [Test worker] DEBUG org.springframework.test.annotation.ProfileValueUtils - Retrieved ProfileValueSource type [class org.springframework.test.annotation.SystemProfileValueSource] for class [br.com.pizmo.repository.TransactionRepositoryTest]
14:37:26.706 [Test worker] DEBUG org.springframework.test.annotation.ProfileValueUtils - Retrieved @ProfileValueSourceConfiguration [null] for test class [br.com.pizmo.repository.TransactionRepositoryTest]
14:37:26.706 [Test worker] DEBUG org.springframework.test.annotation.ProfileValueUtils - Retrieved ProfileValueSource type [class org.springframework.test.annotation.SystemProfileValueSource] for class [br.com.pizmo.repository.TransactionRepositoryTest]
14:37:26.706 [Test worker] DEBUG org.springframework.test.annotation.ProfileValueUtils - Retrieved @ProfileValueSourceConfiguration [null] for test class [br.com.pizmo.repository.TransactionRepositoryTest]
14:37:26.707 [Test worker] DEBUG org.springframework.test.annotation.ProfileValueUtils - Retrieved ProfileValueSource type [class org.springframework.test.annotation.SystemProfileValueSource] for class [br.com.pizmo.repository.TransactionRepositoryTest]
14:37:26.707 [Test worker] DEBUG org.springframework.test.annotation.ProfileValueUtils - Retrieved @ProfileValueSourceConfiguration [null] for test class [br.com.pizmo.repository.TransactionRepositoryTest]
14:37:26.707 [Test worker] DEBUG org.springframework.test.annotation.ProfileValueUtils - Retrieved ProfileValueSource type [class org.springframework.test.annotation.SystemProfileValueSource] for class [br.com.pizmo.repository.TransactionRepositoryTest]
14:37:26.712 [Test worker] DEBUG org.springframework.test.context.support.AbstractDirtiesContextTestExecutionListener - Before test class: context [DefaultTestContext@4319b0db testClass = TransactionRepositoryTest, testInstance = [null], testMethod = [null], testException = [null], mergedContextConfiguration = [MergedContextConfiguration@75632689 testClass = TransactionRepositoryTest, locations = '{}', classes = '{class br.com.pizmo.PyzmoTestApplication}', contextInitializerClasses = '[]', activeProfiles = '{}', propertySourceLocations = '{}', propertySourceProperties = '{org.springframework.boot.test.autoconfigure.orm.jpa.DataJpaTestContextBootstrapper=true}', contextCustomizers = set[org.springframework.boot.test.autoconfigure.OverrideAutoConfigurationContextCustomizerFactory$DisableAutoConfigurationContextCustomizer@64f4ac8a, org.springframework.boot.test.autoconfigure.actuate.metrics.MetricsExportContextCustomizerFactory$DisableMetricExportContextCustomizer@6e0bd8e3, org.springframework.boot.test.autoconfigure.filter.TypeExcludeFiltersContextCustomizer@351584c0, org.springframework.boot.test.autoconfigure.properties.PropertyMappingContextCustomizer@eacf75e5, org.springframework.boot.test.autoconfigure.web.servlet.WebDriverContextCustomizerFactory$Customizer@1f64b3aa, [ImportsContextCustomizer@342e7d94 key = [br.com.pizmo.config.BaseConfiguration, org.springframework.boot.autoconfigure.cache.CacheAutoConfiguration, org.springframework.boot.autoconfigure.data.jpa.JpaRepositoriesAutoConfiguration, org.springframework.boot.autoconfigure.flyway.FlywayAutoConfiguration, org.springframework.boot.autoconfigure.jdbc.DataSourceAutoConfiguration, org.springframework.boot.autoconfigure.jdbc.DataSourceTransactionManagerAutoConfiguration, org.springframework.boot.autoconfigure.jdbc.JdbcTemplateAutoConfiguration, org.springframework.boot.autoconfigure.liquibase.LiquibaseAutoConfiguration, org.springframework.boot.autoconfigure.orm.jpa.HibernateJpaAutoConfiguration, org.springframework.boot.autoconfigure.sql.init.SqlInitializationAutoConfiguration, org.springframework.boot.autoconfigure.transaction.TransactionAutoConfiguration, org.springframework.boot.test.autoconfigure.jdbc.TestDatabaseAutoConfiguration, org.springframework.boot.test.autoconfigure.orm.jpa.TestEntityManagerAutoConfiguration]], org.springframework.boot.test.context.filter.ExcludeFilterContextCustomizer@1ab2bb4a, org.springframework.boot.test.json.DuplicateJsonObjectContextCustomizerFactory$DuplicateJsonObjectContextCustomizer@73482380, org.springframework.boot.test.mock.mockito.MockitoContextCustomizer@0, org.springframework.boot.test.context.SpringBootTestArgs@1, org.springframework.boot.test.context.SpringBootTestWebEnvironment@0], contextLoader = 'org.springframework.boot.test.context.SpringBootContextLoader', parent = [null]], attributes = map[[empty]]], class annotated with @DirtiesContext [false] with mode [null].
14:37:26.714 [Test worker] DEBUG org.springframework.test.annotation.ProfileValueUtils - Retrieved @ProfileValueSourceConfiguration [null] for test class [br.com.pizmo.repository.TransactionRepositoryTest]
14:37:26.714 [Test worker] DEBUG org.springframework.test.annotation.ProfileValueUtils - Retrieved ProfileValueSource type [class org.springframework.test.annotation.SystemProfileValueSource] for class [br.com.pizmo.repository.TransactionRepositoryTest]
14:37:26.722 [Test worker] DEBUG org.springframework.test.context.support.DependencyInjectionTestExecutionListener - Performing dependency injection for test context [[DefaultTestContext@4319b0db testClass = TransactionRepositoryTest, testInstance = br.com.pizmo.repository.TransactionRepositoryTest@580aac0f, testMethod = [null], testException = [null], mergedContextConfiguration = [MergedContextConfiguration@75632689 testClass = TransactionRepositoryTest, locations = '{}', classes = '{class br.com.pizmo.PyzmoTestApplication}', contextInitializerClasses = '[]', activeProfiles = '{}', propertySourceLocations = '{}', propertySourceProperties = '{org.springframework.boot.test.autoconfigure.orm.jpa.DataJpaTestContextBootstrapper=true}', contextCustomizers = set[org.springframework.boot.test.autoconfigure.OverrideAutoConfigurationContextCustomizerFactory$DisableAutoConfigurationContextCustomizer@64f4ac8a, org.springframework.boot.test.autoconfigure.actuate.metrics.MetricsExportContextCustomizerFactory$DisableMetricExportContextCustomizer@6e0bd8e3, org.springframework.boot.test.autoconfigure.filter.TypeExcludeFiltersContextCustomizer@351584c0, org.springframework.boot.test.autoconfigure.properties.PropertyMappingContextCustomizer@eacf75e5, org.springframework.boot.test.autoconfigure.web.servlet.WebDriverContextCustomizerFactory$Customizer@1f64b3aa, [ImportsContextCustomizer@342e7d94 key = [br.com.pizmo.config.BaseConfiguration, org.springframework.boot.autoconfigure.cache.CacheAutoConfiguration, org.springframework.boot.autoconfigure.data.jpa.JpaRepositoriesAutoConfiguration, org.springframework.boot.autoconfigure.flyway.FlywayAutoConfiguration, org.springframework.boot.autoconfigure.jdbc.DataSourceAutoConfiguration, org.springframework.boot.autoconfigure.jdbc.DataSourceTransactionManagerAutoConfiguration, org.springframework.boot.autoconfigure.jdbc.JdbcTemplateAutoConfiguration, org.springframework.boot.autoconfigure.liquibase.LiquibaseAutoConfiguration, org.springframework.boot.autoconfigure.orm.jpa.HibernateJpaAutoConfiguration, org.springframework.boot.autoconfigure.sql.init.SqlInitializationAutoConfiguration, org.springframework.boot.autoconfigure.transaction.TransactionAutoConfiguration, org.springframework.boot.test.autoconfigure.jdbc.TestDatabaseAutoConfiguration, org.springframework.boot.test.autoconfigure.orm.jpa.TestEntityManagerAutoConfiguration]], org.springframework.boot.test.context.filter.ExcludeFilterContextCustomizer@1ab2bb4a, org.springframework.boot.test.json.DuplicateJsonObjectContextCustomizerFactory$DuplicateJsonObjectContextCustomizer@73482380, org.springframework.boot.test.mock.mockito.MockitoContextCustomizer@0, org.springframework.boot.test.context.SpringBootTestArgs@1, org.springframework.boot.test.context.SpringBootTestWebEnvironment@0], contextLoader = 'org.springframework.boot.test.context.SpringBootContextLoader', parent = [null]], attributes = map['org.springframework.test.context.event.ApplicationEventsTestExecutionListener.recordApplicationEvents' -> false]]].
14:37:26.765 [Test worker] DEBUG org.springframework.test.context.support.TestPropertySourceUtils - Adding inlined properties to environment: {spring.jmx.enabled=false, org.springframework.boot.test.autoconfigure.orm.jpa.DataJpaTestContextBootstrapper=true}

  .   ____          _            __ _ _
 /\\ / ___'_ __ _ _(_)_ __  __ _ \ \ \ \
( ( )\___ | '_ | '_| | '_ \/ _` | \ \ \ \
 \\/  ___)| |_)| | | | | || (_| |  ) ) ) )
  '  |____| .__|_| |_|_| |_\__, | / / / /
 =========|_|==============|___/=/_/_/_/
 :: Spring Boot ::                (v2.5.0)

2021-09-11 14:37:27.422  INFO 12619 --- [    Test worker] b.c.p.r.TransactionRepositoryTest        : Starting TransactionRepositoryTest using Java 11.0.8 on matheus-VJF155F11X-B2511B with PID 12619 (started by matheus in /home/matheus/dev/pizmo)
2021-09-11 14:37:27.428  INFO 12619 --- [    Test worker] b.c.p.r.TransactionRepositoryTest        : No active profile set, falling back to default profiles: default
2021-09-11 14:37:28.044  INFO 12619 --- [    Test worker] .s.d.r.c.RepositoryConfigurationDelegate : Bootstrapping Spring Data JPA repositories in DEFAULT mode.
2021-09-11 14:37:28.124  INFO 12619 --- [    Test worker] .s.d.r.c.RepositoryConfigurationDelegate : Finished Spring Data repository scanning in 68 ms. Found 2 JPA repository interfaces.
2021-09-11 14:37:28.220  INFO 12619 --- [    Test worker] beddedDataSourceBeanFactoryPostProcessor : Replacing 'dataSource' DataSource bean with embedded version
2021-09-11 14:37:28.482  INFO 12619 --- [    Test worker] o.s.j.d.e.EmbeddedDatabaseFactory        : Starting embedded database: url='jdbc:h2:mem:f632b942-7dc9-4ec4-8d45-9f7d9ac06a0a;DB_CLOSE_DELAY=-1;DB_CLOSE_ON_EXIT=false', username='sa'
2021-09-11 14:37:34.237  INFO 12619 --- [    Test worker] liquibase.lockservice                    : Successfully acquired change log lock
2021-09-11 14:37:34.835  INFO 12619 --- [    Test worker] liquibase.changelog                      : Creating database history table with name: PUBLIC.DATABASECHANGELOG
2021-09-11 14:37:34.839  INFO 12619 --- [    Test worker] liquibase.changelog                      : Reading from PUBLIC.DATABASECHANGELOG
2021-09-11 14:37:34.961  INFO 12619 --- [    Test worker] liquibase.lockservice                    : Successfully released change log lock
2021-09-11 14:37:34.966  INFO 12619 --- [    Test worker] liquibase.lockservice                    : Successfully acquired change log lock
Skipping auto-registration
2021-09-11 14:37:34.966  WARN 12619 --- [    Test worker] liquibase.hub                            : Skipping auto-registration
2021-09-11 14:37:34.996  INFO 12619 --- [    Test worker] liquibase.changelog                      : Table account created
2021-09-11 14:37:34.998  INFO 12619 --- [    Test worker] liquibase.changelog                      : Sequence account_seq created
2021-09-11 14:37:34.999  INFO 12619 --- [    Test worker] liquibase.changelog                      : ChangeSet db/changelog/account.xml::create_table_account::Matheus Gambarin ran successfully in 29ms
2021-09-11 14:37:35.026  INFO 12619 --- [    Test worker] liquibase.changelog                      : Table operationtype created
2021-09-11 14:37:35.026  INFO 12619 --- [    Test worker] liquibase.changelog                      : ChangeSet db/changelog/operationtype.xml::create_table_operationtype::Matheus Gambarin ran successfully in 10ms
2021-09-11 14:37:35.030  INFO 12619 --- [    Test worker] liquibase.changelog                      : New row inserted into operationtype
2021-09-11 14:37:35.031  INFO 12619 --- [    Test worker] liquibase.changelog                      : New row inserted into operationtype
2021-09-11 14:37:35.032  INFO 12619 --- [    Test worker] liquibase.changelog                      : New row inserted into operationtype
2021-09-11 14:37:35.033  INFO 12619 --- [    Test worker] liquibase.changelog                      : New row inserted into operationtype
2021-09-11 14:37:35.033  INFO 12619 --- [    Test worker] liquibase.changelog                      : ChangeSet db/changelog/operationtype.xml::insert_default_operations::Matheus Gambarin ran successfully in 4ms
2021-09-11 14:37:35.046  INFO 12619 --- [    Test worker] liquibase.changelog                      : Table transaction created
2021-09-11 14:37:35.048  INFO 12619 --- [    Test worker] liquibase.changelog                      : Sequence transaction_seq created
2021-09-11 14:37:35.048  INFO 12619 --- [    Test worker] liquibase.changelog                      : ChangeSet db/changelog/transaction.xml::create_table_transaction::Matheus Gambarin ran successfully in 12ms
2021-09-11 14:37:35.051  INFO 12619 --- [    Test worker] liquibase.lockservice                    : Successfully released change log lock
2021-09-11 14:37:35.195  INFO 12619 --- [    Test worker] o.hibernate.jpa.internal.util.LogHelper  : HHH000204: Processing PersistenceUnitInfo [name: default]
2021-09-11 14:37:35.302  INFO 12619 --- [    Test worker] org.hibernate.Version                    : HHH000412: Hibernate ORM core version 5.5.7.Final
2021-09-11 14:37:35.355  INFO 12619 --- [    Test worker] o.hibernate.annotations.common.Version   : HCANN000001: Hibernate Commons Annotations {5.1.2.Final}
2021-09-11 14:37:35.528  INFO 12619 --- [    Test worker] org.hibernate.dialect.Dialect            : HHH000400: Using dialect: org.hibernate.dialect.H2Dialect
2021-09-11 14:37:36.162  INFO 12619 --- [    Test worker] o.h.e.t.j.p.i.JtaPlatformInitiator       : HHH000490: Using JtaPlatform implementation: [org.hibernate.engine.transaction.jta.platform.internal.NoJtaPlatform]
2021-09-11 14:37:36.173  INFO 12619 --- [    Test worker] j.LocalContainerEntityManagerFactoryBean : Initialized JPA EntityManagerFactory for persistence unit 'default'
2021-09-11 14:37:36.980  INFO 12619 --- [    Test worker] b.c.p.r.TransactionRepositoryTest        : Started TransactionRepositoryTest in 10.209 seconds (JVM running for 12.69)
2021-09-11 14:37:37.012  INFO 12619 --- [    Test worker] o.s.t.c.transaction.TransactionContext   : Began transaction (1) for test context [DefaultTestContext@4319b0db testClass = TransactionRepositoryTest, testInstance = br.com.pizmo.repository.TransactionRepositoryTest@580aac0f, testMethod = save@TransactionRepositoryTest, testException = [null], mergedContextConfiguration = [MergedContextConfiguration@75632689 testClass = TransactionRepositoryTest, locations = '{}', classes = '{class br.com.pizmo.PyzmoTestApplication}', contextInitializerClasses = '[]', activeProfiles = '{}', propertySourceLocations = '{}', propertySourceProperties = '{org.springframework.boot.test.autoconfigure.orm.jpa.DataJpaTestContextBootstrapper=true}', contextCustomizers = set[org.springframework.boot.test.autoconfigure.OverrideAutoConfigurationContextCustomizerFactory$DisableAutoConfigurationContextCustomizer@64f4ac8a, org.springframework.boot.test.autoconfigure.actuate.metrics.MetricsExportContextCustomizerFactory$DisableMetricExportContextCustomizer@6e0bd8e3, org.springframework.boot.test.autoconfigure.filter.TypeExcludeFiltersContextCustomizer@351584c0, org.springframework.boot.test.autoconfigure.properties.PropertyMappingContextCustomizer@eacf75e5, org.springframework.boot.test.autoconfigure.web.servlet.WebDriverContextCustomizerFactory$Customizer@1f64b3aa, [ImportsContextCustomizer@342e7d94 key = [br.com.pizmo.config.BaseConfiguration, org.springframework.boot.autoconfigure.cache.CacheAutoConfiguration, org.springframework.boot.autoconfigure.data.jpa.JpaRepositoriesAutoConfiguration, org.springframework.boot.autoconfigure.flyway.FlywayAutoConfiguration, org.springframework.boot.autoconfigure.jdbc.DataSourceAutoConfiguration, org.springframework.boot.autoconfigure.jdbc.DataSourceTransactionManagerAutoConfiguration, org.springframework.boot.autoconfigure.jdbc.JdbcTemplateAutoConfiguration, org.springframework.boot.autoconfigure.liquibase.LiquibaseAutoConfiguration, org.springframework.boot.autoconfigure.orm.jpa.HibernateJpaAutoConfiguration, org.springframework.boot.autoconfigure.sql.init.SqlInitializationAutoConfiguration, org.springframework.boot.autoconfigure.transaction.TransactionAutoConfiguration, org.springframework.boot.test.autoconfigure.jdbc.TestDatabaseAutoConfiguration, org.springframework.boot.test.autoconfigure.orm.jpa.TestEntityManagerAutoConfiguration]], org.springframework.boot.test.context.filter.ExcludeFilterContextCustomizer@1ab2bb4a, org.springframework.boot.test.json.DuplicateJsonObjectContextCustomizerFactory$DuplicateJsonObjectContextCustomizer@73482380, org.springframework.boot.test.mock.mockito.MockitoContextCustomizer@0, org.springframework.boot.test.context.SpringBootTestArgs@1, org.springframework.boot.test.context.SpringBootTestWebEnvironment@0], contextLoader = 'org.springframework.boot.test.context.SpringBootContextLoader', parent = [null]], attributes = map['org.springframework.test.context.event.ApplicationEventsTestExecutionListener.recordApplicationEvents' -> false]]; transaction manager [org.springframework.orm.jpa.JpaTransactionManager@6aca46f7]; rollback [true]
Hibernate: call next value for transaction_seq
Hibernate: select operationt_.id, operationt_.description as descript2_1_ from operationtype operationt_ where operationt_.id=?
Hibernate: insert into transaction (account_id, amount, eventdate, operation_id, id) values (?, ?, ?, ?, ?)
2021-09-11 14:37:37.116  INFO 12619 --- [    Test worker] o.s.t.c.transaction.TransactionContext   : Rolled back transaction for test: [DefaultTestContext@4319b0db testClass = TransactionRepositoryTest, testInstance = br.com.pizmo.repository.TransactionRepositoryTest@580aac0f, testMethod = save@TransactionRepositoryTest, testException = [null], mergedContextConfiguration = [MergedContextConfiguration@75632689 testClass = TransactionRepositoryTest, locations = '{}', classes = '{class br.com.pizmo.PyzmoTestApplication}', contextInitializerClasses = '[]', activeProfiles = '{}', propertySourceLocations = '{}', propertySourceProperties = '{org.springframework.boot.test.autoconfigure.orm.jpa.DataJpaTestContextBootstrapper=true}', contextCustomizers = set[org.springframework.boot.test.autoconfigure.OverrideAutoConfigurationContextCustomizerFactory$DisableAutoConfigurationContextCustomizer@64f4ac8a, org.springframework.boot.test.autoconfigure.actuate.metrics.MetricsExportContextCustomizerFactory$DisableMetricExportContextCustomizer@6e0bd8e3, org.springframework.boot.test.autoconfigure.filter.TypeExcludeFiltersContextCustomizer@351584c0, org.springframework.boot.test.autoconfigure.properties.PropertyMappingContextCustomizer@eacf75e5, org.springframework.boot.test.autoconfigure.web.servlet.WebDriverContextCustomizerFactory$Customizer@1f64b3aa, [ImportsContextCustomizer@342e7d94 key = [br.com.pizmo.config.BaseConfiguration, org.springframework.boot.autoconfigure.cache.CacheAutoConfiguration, org.springframework.boot.autoconfigure.data.jpa.JpaRepositoriesAutoConfiguration, org.springframework.boot.autoconfigure.flyway.FlywayAutoConfiguration, org.springframework.boot.autoconfigure.jdbc.DataSourceAutoConfiguration, org.springframework.boot.autoconfigure.jdbc.DataSourceTransactionManagerAutoConfiguration, org.springframework.boot.autoconfigure.jdbc.JdbcTemplateAutoConfiguration, org.springframework.boot.autoconfigure.liquibase.LiquibaseAutoConfiguration, org.springframework.boot.autoconfigure.orm.jpa.HibernateJpaAutoConfiguration, org.springframework.boot.autoconfigure.sql.init.SqlInitializationAutoConfiguration, org.springframework.boot.autoconfigure.transaction.TransactionAutoConfiguration, org.springframework.boot.test.autoconfigure.jdbc.TestDatabaseAutoConfiguration, org.springframework.boot.test.autoconfigure.orm.jpa.TestEntityManagerAutoConfiguration]], org.springframework.boot.test.context.filter.ExcludeFilterContextCustomizer@1ab2bb4a, org.springframework.boot.test.json.DuplicateJsonObjectContextCustomizerFactory$DuplicateJsonObjectContextCustomizer@73482380, org.springframework.boot.test.mock.mockito.MockitoContextCustomizer@0, org.springframework.boot.test.context.SpringBootTestArgs@1, org.springframework.boot.test.context.SpringBootTestWebEnvironment@0], contextLoader = 'org.springframework.boot.test.context.SpringBootContextLoader', parent = [null]], attributes = map['org.springframework.test.context.event.ApplicationEventsTestExecutionListener.recordApplicationEvents' -> false]]
]]></system-out>
  <system-err><![CDATA[]]></system-err>
</testsuite>
