<?xml version="1.0" encoding="UTF-8"?>
<testsuite name="br.com.pizmo.service.TransactionServiceTest" tests="4" skipped="0" failures="0" errors="0" timestamp="2021-09-11T17:12:52" hostname="matheus-VJF155F11X-B2511B" time="0.182">
  <properties/>
  <testcase name="testSaque" classname="br.com.pizmo.service.TransactionServiceTest" time="0.175"/>
  <testcase name="testPagamento" classname="br.com.pizmo.service.TransactionServiceTest" time="0.002"/>
  <testcase name="testCompraParcelada" classname="br.com.pizmo.service.TransactionServiceTest" time="0.002"/>
  <testcase name="testCompraAVista" classname="br.com.pizmo.service.TransactionServiceTest" time="0.002"/>
  <system-out><![CDATA[]]></system-out>
  <system-err><![CDATA[]]></system-err>
</testsuite>
