<?xml version="1.0" encoding="UTF-8"?>
<testsuite name="br.com.pizmo.repository.TransactionRepositoryTest" tests="1" skipped="0" failures="0" errors="0" timestamp="2021-09-11T17:12:51" hostname="matheus-VJF155F11X-B2511B" time="0.175">
  <properties/>
  <testcase name="save" classname="br.com.pizmo.repository.TransactionRepositoryTest" time="0.175"/>
  <system-out><![CDATA[14:12:36.025 [Test worker] DEBUG org.springframework.test.context.junit4.SpringJUnit4ClassRunner - SpringJUnit4ClassRunner constructor called with [class br.com.pizmo.repository.TransactionRepositoryTest]
14:12:36.044 [Test worker] DEBUG org.springframework.test.context.BootstrapUtils - Instantiating CacheAwareContextLoaderDelegate from class [org.springframework.test.context.cache.DefaultCacheAwareContextLoaderDelegate]
14:12:36.074 [Test worker] DEBUG org.springframework.test.context.BootstrapUtils - Instantiating BootstrapContext using constructor [public org.springframework.test.context.support.DefaultBootstrapContext(java.lang.Class,org.springframework.test.context.CacheAwareContextLoaderDelegate)]
14:12:36.217 [Test worker] DEBUG org.springframework.test.context.BootstrapUtils - Instantiating TestContextBootstrapper for test class [br.com.pizmo.repository.TransactionRepositoryTest] from class [org.springframework.boot.test.autoconfigure.orm.jpa.DataJpaTestContextBootstrapper]
14:12:36.254 [Test worker] INFO org.springframework.boot.test.autoconfigure.orm.jpa.DataJpaTestContextBootstrapper - Neither @ContextConfiguration nor @ContextHierarchy found for test class [br.com.pizmo.repository.TransactionRepositoryTest], using SpringBootContextLoader
14:12:36.260 [Test worker] DEBUG org.springframework.test.context.support.AbstractContextLoader - Did not detect default resource location for test class [br.com.pizmo.repository.TransactionRepositoryTest]: class path resource [br/com/pizmo/repository/TransactionRepositoryTest-context.xml] does not exist
14:12:36.261 [Test worker] DEBUG org.springframework.test.context.support.AbstractContextLoader - Did not detect default resource location for test class [br.com.pizmo.repository.TransactionRepositoryTest]: class path resource [br/com/pizmo/repository/TransactionRepositoryTestContext.groovy] does not exist
14:12:36.262 [Test worker] INFO org.springframework.test.context.support.AbstractContextLoader - Could not detect default resource locations for test class [br.com.pizmo.repository.TransactionRepositoryTest]: no resource found for suffixes {-context.xml, Context.groovy}.
14:12:36.264 [Test worker] INFO org.springframework.test.context.support.AnnotationConfigContextLoaderUtils - Could not detect default configuration classes for test class [br.com.pizmo.repository.TransactionRepositoryTest]: TransactionRepositoryTest does not declare any static, non-private, non-final, nested classes annotated with @Configuration.
14:12:36.433 [Test worker] DEBUG org.springframework.test.context.support.ActiveProfilesUtils - Could not find an 'annotation declaring class' for annotation type [org.springframework.test.context.ActiveProfiles] and class [br.com.pizmo.repository.TransactionRepositoryTest]
14:12:36.637 [Test worker] DEBUG org.springframework.context.annotation.ClassPathScanningCandidateComponentProvider - Identified candidate component class: file [/home/matheus/dev/teste/build/classes/java/main/br/com/pizmo/PyzmoTestApplication.class]
14:12:36.639 [Test worker] INFO org.springframework.boot.test.context.SpringBootTestContextBootstrapper - Found @SpringBootConfiguration br.com.pizmo.PyzmoTestApplication for test class br.com.pizmo.repository.TransactionRepositoryTest
14:12:36.651 [Test worker] DEBUG org.springframework.boot.test.autoconfigure.orm.jpa.DataJpaTestContextBootstrapper - @TestExecutionListeners is not present for class [br.com.pizmo.repository.TransactionRepositoryTest]: using defaults.
14:12:36.653 [Test worker] INFO org.springframework.boot.test.autoconfigure.orm.jpa.DataJpaTestContextBootstrapper - Loaded default TestExecutionListener class names from location [META-INF/spring.factories]: [org.springframework.boot.test.autoconfigure.restdocs.RestDocsTestExecutionListener, org.springframework.boot.test.autoconfigure.web.client.MockRestServiceServerResetTestExecutionListener, org.springframework.boot.test.autoconfigure.web.servlet.MockMvcPrintOnlyOnFailureTestExecutionListener, org.springframework.boot.test.autoconfigure.web.servlet.WebDriverTestExecutionListener, org.springframework.boot.test.autoconfigure.webservices.client.MockWebServiceServerTestExecutionListener, org.springframework.boot.test.mock.mockito.MockitoTestExecutionListener, org.springframework.boot.test.mock.mockito.ResetMocksTestExecutionListener, org.springframework.test.context.web.ServletTestExecutionListener, org.springframework.test.context.support.DirtiesContextBeforeModesTestExecutionListener, org.springframework.test.context.event.ApplicationEventsTestExecutionListener, org.springframework.test.context.support.DependencyInjectionTestExecutionListener, org.springframework.test.context.support.DirtiesContextTestExecutionListener, org.springframework.test.context.transaction.TransactionalTestExecutionListener, org.springframework.test.context.jdbc.SqlScriptsTestExecutionListener, org.springframework.test.context.event.EventPublishingTestExecutionListener]
14:12:36.711 [Test worker] INFO org.springframework.boot.test.autoconfigure.orm.jpa.DataJpaTestContextBootstrapper - Using TestExecutionListeners: [org.springframework.test.context.web.ServletTestExecutionListener@44279e72, org.springframework.test.context.support.DirtiesContextBeforeModesTestExecutionListener@5faa4587, org.springframework.test.context.event.ApplicationEventsTestExecutionListener@104a9e23, org.springframework.boot.test.mock.mockito.MockitoTestExecutionListener@337fb1d8, org.springframework.boot.test.autoconfigure.SpringBootDependencyInjectionTestExecutionListener@4b537dcb, org.springframework.test.context.support.DirtiesContextTestExecutionListener@46d88f5b, org.springframework.test.context.transaction.TransactionalTestExecutionListener@2a7ba25, org.springframework.test.context.jdbc.SqlScriptsTestExecutionListener@4c182ad8, org.springframework.test.context.event.EventPublishingTestExecutionListener@1c75abb5, org.springframework.boot.test.autoconfigure.restdocs.RestDocsTestExecutionListener@1e555d37, org.springframework.boot.test.autoconfigure.web.client.MockRestServiceServerResetTestExecutionListener@219caa4a, org.springframework.boot.test.autoconfigure.web.servlet.MockMvcPrintOnlyOnFailureTestExecutionListener@2cdf0a4b, org.springframework.boot.test.autoconfigure.web.servlet.WebDriverTestExecutionListener@1d462466, org.springframework.boot.test.autoconfigure.webservices.client.MockWebServiceServerTestExecutionListener@29ce6e1c, org.springframework.boot.test.mock.mockito.ResetMocksTestExecutionListener@6dc44f95]
14:12:36.719 [Test worker] DEBUG org.springframework.test.annotation.ProfileValueUtils - Retrieved @ProfileValueSourceConfiguration [null] for test class [br.com.pizmo.repository.TransactionRepositoryTest]
14:12:36.721 [Test worker] DEBUG org.springframework.test.annotation.ProfileValueUtils - Retrieved ProfileValueSource type [class org.springframework.test.annotation.SystemProfileValueSource] for class [br.com.pizmo.repository.TransactionRepositoryTest]
14:12:36.722 [Test worker] DEBUG org.springframework.test.annotation.ProfileValueUtils - Retrieved @ProfileValueSourceConfiguration [null] for test class [br.com.pizmo.repository.TransactionRepositoryTest]
14:12:36.723 [Test worker] DEBUG org.springframework.test.annotation.ProfileValueUtils - Retrieved ProfileValueSource type [class org.springframework.test.annotation.SystemProfileValueSource] for class [br.com.pizmo.repository.TransactionRepositoryTest]
14:12:36.724 [Test worker] DEBUG org.springframework.test.annotation.ProfileValueUtils - Retrieved @ProfileValueSourceConfiguration [null] for test class [br.com.pizmo.repository.TransactionRepositoryTest]
14:12:36.724 [Test worker] DEBUG org.springframework.test.annotation.ProfileValueUtils - Retrieved ProfileValueSource type [class org.springframework.test.annotation.SystemProfileValueSource] for class [br.com.pizmo.repository.TransactionRepositoryTest]
14:12:36.725 [Test worker] DEBUG org.springframework.test.annotation.ProfileValueUtils - Retrieved @ProfileValueSourceConfiguration [null] for test class [br.com.pizmo.repository.TransactionRepositoryTest]
14:12:36.725 [Test worker] DEBUG org.springframework.test.annotation.ProfileValueUtils - Retrieved ProfileValueSource type [class org.springframework.test.annotation.SystemProfileValueSource] for class [br.com.pizmo.repository.TransactionRepositoryTest]
14:12:36.737 [Test worker] DEBUG org.springframework.test.context.support.AbstractDirtiesContextTestExecutionListener - Before test class: context [DefaultTestContext@259c2080 testClass = TransactionRepositoryTest, testInstance = [null], testMethod = [null], testException = [null], mergedContextConfiguration = [MergedContextConfiguration@5031712d testClass = TransactionRepositoryTest, locations = '{}', classes = '{class br.com.pizmo.PyzmoTestApplication}', contextInitializerClasses = '[]', activeProfiles = '{}', propertySourceLocations = '{}', propertySourceProperties = '{org.springframework.boot.test.autoconfigure.orm.jpa.DataJpaTestContextBootstrapper=true}', contextCustomizers = set[org.springframework.boot.test.autoconfigure.OverrideAutoConfigurationContextCustomizerFactory$DisableAutoConfigurationContextCustomizer@3b3cf594, org.springframework.boot.test.autoconfigure.actuate.metrics.MetricsExportContextCustomizerFactory$DisableMetricExportContextCustomizer@5680071, org.springframework.boot.test.autoconfigure.filter.TypeExcludeFiltersContextCustomizer@351584c0, org.springframework.boot.test.autoconfigure.properties.PropertyMappingContextCustomizer@8c0ffd32, org.springframework.boot.test.autoconfigure.web.servlet.WebDriverContextCustomizerFactory$Customizer@5e7ca101, [ImportsContextCustomizer@4830d464 key = [br.com.pizmo.config.BaseConfiguration, org.springframework.boot.autoconfigure.cache.CacheAutoConfiguration, org.springframework.boot.autoconfigure.data.jpa.JpaRepositoriesAutoConfiguration, org.springframework.boot.autoconfigure.flyway.FlywayAutoConfiguration, org.springframework.boot.autoconfigure.jdbc.DataSourceAutoConfiguration, org.springframework.boot.autoconfigure.jdbc.DataSourceTransactionManagerAutoConfiguration, org.springframework.boot.autoconfigure.jdbc.JdbcTemplateAutoConfiguration, org.springframework.boot.autoconfigure.liquibase.LiquibaseAutoConfiguration, org.springframework.boot.autoconfigure.orm.jpa.HibernateJpaAutoConfiguration, org.springframework.boot.autoconfigure.sql.init.SqlInitializationAutoConfiguration, org.springframework.boot.autoconfigure.transaction.TransactionAutoConfiguration, org.springframework.boot.test.autoconfigure.jdbc.TestDatabaseAutoConfiguration, org.springframework.boot.test.autoconfigure.orm.jpa.TestEntityManagerAutoConfiguration]], org.springframework.boot.test.context.filter.ExcludeFilterContextCustomizer@30125912, org.springframework.boot.test.json.DuplicateJsonObjectContextCustomizerFactory$DuplicateJsonObjectContextCustomizer@34345004, org.springframework.boot.test.mock.mockito.MockitoContextCustomizer@0, org.springframework.boot.test.context.SpringBootTestArgs@1, org.springframework.boot.test.context.SpringBootTestWebEnvironment@0], contextLoader = 'org.springframework.boot.test.context.SpringBootContextLoader', parent = [null]], attributes = map[[empty]]], class annotated with @DirtiesContext [false] with mode [null].
14:12:36.741 [Test worker] DEBUG org.springframework.test.annotation.ProfileValueUtils - Retrieved @ProfileValueSourceConfiguration [null] for test class [br.com.pizmo.repository.TransactionRepositoryTest]
14:12:36.741 [Test worker] DEBUG org.springframework.test.annotation.ProfileValueUtils - Retrieved ProfileValueSource type [class org.springframework.test.annotation.SystemProfileValueSource] for class [br.com.pizmo.repository.TransactionRepositoryTest]
14:12:36.756 [Test worker] DEBUG org.springframework.test.context.support.DependencyInjectionTestExecutionListener - Performing dependency injection for test context [[DefaultTestContext@259c2080 testClass = TransactionRepositoryTest, testInstance = br.com.pizmo.repository.TransactionRepositoryTest@746a982a, testMethod = [null], testException = [null], mergedContextConfiguration = [MergedContextConfiguration@5031712d testClass = TransactionRepositoryTest, locations = '{}', classes = '{class br.com.pizmo.PyzmoTestApplication}', contextInitializerClasses = '[]', activeProfiles = '{}', propertySourceLocations = '{}', propertySourceProperties = '{org.springframework.boot.test.autoconfigure.orm.jpa.DataJpaTestContextBootstrapper=true}', contextCustomizers = set[org.springframework.boot.test.autoconfigure.OverrideAutoConfigurationContextCustomizerFactory$DisableAutoConfigurationContextCustomizer@3b3cf594, org.springframework.boot.test.autoconfigure.actuate.metrics.MetricsExportContextCustomizerFactory$DisableMetricExportContextCustomizer@5680071, org.springframework.boot.test.autoconfigure.filter.TypeExcludeFiltersContextCustomizer@351584c0, org.springframework.boot.test.autoconfigure.properties.PropertyMappingContextCustomizer@8c0ffd32, org.springframework.boot.test.autoconfigure.web.servlet.WebDriverContextCustomizerFactory$Customizer@5e7ca101, [ImportsContextCustomizer@4830d464 key = [br.com.pizmo.config.BaseConfiguration, org.springframework.boot.autoconfigure.cache.CacheAutoConfiguration, org.springframework.boot.autoconfigure.data.jpa.JpaRepositoriesAutoConfiguration, org.springframework.boot.autoconfigure.flyway.FlywayAutoConfiguration, org.springframework.boot.autoconfigure.jdbc.DataSourceAutoConfiguration, org.springframework.boot.autoconfigure.jdbc.DataSourceTransactionManagerAutoConfiguration, org.springframework.boot.autoconfigure.jdbc.JdbcTemplateAutoConfiguration, org.springframework.boot.autoconfigure.liquibase.LiquibaseAutoConfiguration, org.springframework.boot.autoconfigure.orm.jpa.HibernateJpaAutoConfiguration, org.springframework.boot.autoconfigure.sql.init.SqlInitializationAutoConfiguration, org.springframework.boot.autoconfigure.transaction.TransactionAutoConfiguration, org.springframework.boot.test.autoconfigure.jdbc.TestDatabaseAutoConfiguration, org.springframework.boot.test.autoconfigure.orm.jpa.TestEntityManagerAutoConfiguration]], org.springframework.boot.test.context.filter.ExcludeFilterContextCustomizer@30125912, org.springframework.boot.test.json.DuplicateJsonObjectContextCustomizerFactory$DuplicateJsonObjectContextCustomizer@34345004, org.springframework.boot.test.mock.mockito.MockitoContextCustomizer@0, org.springframework.boot.test.context.SpringBootTestArgs@1, org.springframework.boot.test.context.SpringBootTestWebEnvironment@0], contextLoader = 'org.springframework.boot.test.context.SpringBootContextLoader', parent = [null]], attributes = map['org.springframework.test.context.event.ApplicationEventsTestExecutionListener.recordApplicationEvents' -> false]]].
14:12:36.844 [Test worker] DEBUG org.springframework.test.context.support.TestPropertySourceUtils - Adding inlined properties to environment: {spring.jmx.enabled=false, org.springframework.boot.test.autoconfigure.orm.jpa.DataJpaTestContextBootstrapper=true}

  .   ____          _            __ _ _
 /\\ / ___'_ __ _ _(_)_ __  __ _ \ \ \ \
( ( )\___ | '_ | '_| | '_ \/ _` | \ \ \ \
 \\/  ___)| |_)| | | | | || (_| |  ) ) ) )
  '  |____| .__|_| |_|_| |_\__, | / / / /
 =========|_|==============|___/=/_/_/_/
 :: Spring Boot ::                (v2.5.0)

2021-09-11 14:12:38.041  INFO 8779 --- [    Test worker] b.c.p.r.TransactionRepositoryTest        : Starting TransactionRepositoryTest using Java 11.0.8 on matheus-VJF155F11X-B2511B with PID 8779 (started by matheus in /home/matheus/dev/teste)
2021-09-11 14:12:38.052  INFO 8779 --- [    Test worker] b.c.p.r.TransactionRepositoryTest        : No active profile set, falling back to default profiles: default
2021-09-11 14:12:39.079  INFO 8779 --- [    Test worker] .s.d.r.c.RepositoryConfigurationDelegate : Bootstrapping Spring Data JPA repositories in DEFAULT mode.
2021-09-11 14:12:39.217  INFO 8779 --- [    Test worker] .s.d.r.c.RepositoryConfigurationDelegate : Finished Spring Data repository scanning in 120 ms. Found 2 JPA repository interfaces.
2021-09-11 14:12:39.429  INFO 8779 --- [    Test worker] beddedDataSourceBeanFactoryPostProcessor : Replacing 'dataSource' DataSource bean with embedded version
2021-09-11 14:12:39.954  INFO 8779 --- [    Test worker] o.s.j.d.e.EmbeddedDatabaseFactory        : Starting embedded database: url='jdbc:h2:mem:4bfd08cc-f36b-4e54-870f-d02e9fa447f8;DB_CLOSE_DELAY=-1;DB_CLOSE_ON_EXIT=false', username='sa'
2021-09-11 14:12:46.683  INFO 8779 --- [    Test worker] liquibase.lockservice                    : Successfully acquired change log lock
2021-09-11 14:12:47.705  INFO 8779 --- [    Test worker] liquibase.changelog                      : Creating database history table with name: PUBLIC.DATABASECHANGELOG
2021-09-11 14:12:47.712  INFO 8779 --- [    Test worker] liquibase.changelog                      : Reading from PUBLIC.DATABASECHANGELOG
2021-09-11 14:12:47.915  INFO 8779 --- [    Test worker] liquibase.lockservice                    : Successfully released change log lock
2021-09-11 14:12:47.920  INFO 8779 --- [    Test worker] liquibase.lockservice                    : Successfully acquired change log lock
Skipping auto-registration
2021-09-11 14:12:47.922  WARN 8779 --- [    Test worker] liquibase.hub                            : Skipping auto-registration
2021-09-11 14:12:47.975  INFO 8779 --- [    Test worker] liquibase.changelog                      : Table account created
2021-09-11 14:12:47.980  INFO 8779 --- [    Test worker] liquibase.changelog                      : Sequence account_seq created
2021-09-11 14:12:47.981  INFO 8779 --- [    Test worker] liquibase.changelog                      : ChangeSet db/changelog/account.xml::create_table_account::Matheus Gambarin ran successfully in 51ms
2021-09-11 14:12:48.043  INFO 8779 --- [    Test worker] liquibase.changelog                      : Table operationtype created
2021-09-11 14:12:48.044  INFO 8779 --- [    Test worker] liquibase.changelog                      : ChangeSet db/changelog/operationtype.xml::create_table_operationtype::Matheus Gambarin ran successfully in 31ms
2021-09-11 14:12:48.051  INFO 8779 --- [    Test worker] liquibase.changelog                      : New row inserted into operationtype
2021-09-11 14:12:48.053  INFO 8779 --- [    Test worker] liquibase.changelog                      : New row inserted into operationtype
2021-09-11 14:12:48.056  INFO 8779 --- [    Test worker] liquibase.changelog                      : New row inserted into operationtype
2021-09-11 14:12:48.058  INFO 8779 --- [    Test worker] liquibase.changelog                      : New row inserted into operationtype
2021-09-11 14:12:48.059  INFO 8779 --- [    Test worker] liquibase.changelog                      : ChangeSet db/changelog/operationtype.xml::insert_default_operations::Matheus Gambarin ran successfully in 10ms
2021-09-11 14:12:48.093  INFO 8779 --- [    Test worker] liquibase.changelog                      : Table transaction created
2021-09-11 14:12:48.095  INFO 8779 --- [    Test worker] liquibase.changelog                      : Sequence transaction_seq created
2021-09-11 14:12:48.096  INFO 8779 --- [    Test worker] liquibase.changelog                      : ChangeSet db/changelog/transaction.xml::create_table_transaction::Matheus Gambarin ran successfully in 31ms
2021-09-11 14:12:48.102  INFO 8779 --- [    Test worker] liquibase.lockservice                    : Successfully released change log lock
2021-09-11 14:12:48.316  INFO 8779 --- [    Test worker] o.hibernate.jpa.internal.util.LogHelper  : HHH000204: Processing PersistenceUnitInfo [name: default]
2021-09-11 14:12:48.434  INFO 8779 --- [    Test worker] org.hibernate.Version                    : HHH000412: Hibernate ORM core version 5.5.7.Final
2021-09-11 14:12:48.519  INFO 8779 --- [    Test worker] o.hibernate.annotations.common.Version   : HCANN000001: Hibernate Commons Annotations {5.1.2.Final}
2021-09-11 14:12:48.977  INFO 8779 --- [    Test worker] org.hibernate.dialect.Dialect            : HHH000400: Using dialect: org.hibernate.dialect.H2Dialect
2021-09-11 14:12:50.126  INFO 8779 --- [    Test worker] o.h.e.t.j.p.i.JtaPlatformInitiator       : HHH000490: Using JtaPlatform implementation: [org.hibernate.engine.transaction.jta.platform.internal.NoJtaPlatform]
2021-09-11 14:12:50.144  INFO 8779 --- [    Test worker] j.LocalContainerEntityManagerFactoryBean : Initialized JPA EntityManagerFactory for persistence unit 'default'
2021-09-11 14:12:51.335  INFO 8779 --- [    Test worker] b.c.p.r.TransactionRepositoryTest        : Started TransactionRepositoryTest in 14.484 seconds (JVM running for 19.156)
2021-09-11 14:12:51.377  INFO 8779 --- [    Test worker] o.s.t.c.transaction.TransactionContext   : Began transaction (1) for test context [DefaultTestContext@259c2080 testClass = TransactionRepositoryTest, testInstance = br.com.pizmo.repository.TransactionRepositoryTest@746a982a, testMethod = save@TransactionRepositoryTest, testException = [null], mergedContextConfiguration = [MergedContextConfiguration@5031712d testClass = TransactionRepositoryTest, locations = '{}', classes = '{class br.com.pizmo.PyzmoTestApplication}', contextInitializerClasses = '[]', activeProfiles = '{}', propertySourceLocations = '{}', propertySourceProperties = '{org.springframework.boot.test.autoconfigure.orm.jpa.DataJpaTestContextBootstrapper=true}', contextCustomizers = set[org.springframework.boot.test.autoconfigure.OverrideAutoConfigurationContextCustomizerFactory$DisableAutoConfigurationContextCustomizer@3b3cf594, org.springframework.boot.test.autoconfigure.actuate.metrics.MetricsExportContextCustomizerFactory$DisableMetricExportContextCustomizer@5680071, org.springframework.boot.test.autoconfigure.filter.TypeExcludeFiltersContextCustomizer@351584c0, org.springframework.boot.test.autoconfigure.properties.PropertyMappingContextCustomizer@8c0ffd32, org.springframework.boot.test.autoconfigure.web.servlet.WebDriverContextCustomizerFactory$Customizer@5e7ca101, [ImportsContextCustomizer@4830d464 key = [br.com.pizmo.config.BaseConfiguration, org.springframework.boot.autoconfigure.cache.CacheAutoConfiguration, org.springframework.boot.autoconfigure.data.jpa.JpaRepositoriesAutoConfiguration, org.springframework.boot.autoconfigure.flyway.FlywayAutoConfiguration, org.springframework.boot.autoconfigure.jdbc.DataSourceAutoConfiguration, org.springframework.boot.autoconfigure.jdbc.DataSourceTransactionManagerAutoConfiguration, org.springframework.boot.autoconfigure.jdbc.JdbcTemplateAutoConfiguration, org.springframework.boot.autoconfigure.liquibase.LiquibaseAutoConfiguration, org.springframework.boot.autoconfigure.orm.jpa.HibernateJpaAutoConfiguration, org.springframework.boot.autoconfigure.sql.init.SqlInitializationAutoConfiguration, org.springframework.boot.autoconfigure.transaction.TransactionAutoConfiguration, org.springframework.boot.test.autoconfigure.jdbc.TestDatabaseAutoConfiguration, org.springframework.boot.test.autoconfigure.orm.jpa.TestEntityManagerAutoConfiguration]], org.springframework.boot.test.context.filter.ExcludeFilterContextCustomizer@30125912, org.springframework.boot.test.json.DuplicateJsonObjectContextCustomizerFactory$DuplicateJsonObjectContextCustomizer@34345004, org.springframework.boot.test.mock.mockito.MockitoContextCustomizer@0, org.springframework.boot.test.context.SpringBootTestArgs@1, org.springframework.boot.test.context.SpringBootTestWebEnvironment@0], contextLoader = 'org.springframework.boot.test.context.SpringBootContextLoader', parent = [null]], attributes = map['org.springframework.test.context.event.ApplicationEventsTestExecutionListener.recordApplicationEvents' -> false]]; transaction manager [org.springframework.orm.jpa.JpaTransactionManager@4ccb853d]; rollback [true]
Hibernate: call next value for transaction_seq
Hibernate: select operationt_.id, operationt_.description as descript2_1_ from operationtype operationt_ where operationt_.id=?
Hibernate: insert into transaction (account_id, amount, eventdate, operation_id, id) values (?, ?, ?, ?, ?)
2021-09-11 14:12:51.526  INFO 8779 --- [    Test worker] o.s.t.c.transaction.TransactionContext   : Rolled back transaction for test: [DefaultTestContext@259c2080 testClass = TransactionRepositoryTest, testInstance = br.com.pizmo.repository.TransactionRepositoryTest@746a982a, testMethod = save@TransactionRepositoryTest, testException = [null], mergedContextConfiguration = [MergedContextConfiguration@5031712d testClass = TransactionRepositoryTest, locations = '{}', classes = '{class br.com.pizmo.PyzmoTestApplication}', contextInitializerClasses = '[]', activeProfiles = '{}', propertySourceLocations = '{}', propertySourceProperties = '{org.springframework.boot.test.autoconfigure.orm.jpa.DataJpaTestContextBootstrapper=true}', contextCustomizers = set[org.springframework.boot.test.autoconfigure.OverrideAutoConfigurationContextCustomizerFactory$DisableAutoConfigurationContextCustomizer@3b3cf594, org.springframework.boot.test.autoconfigure.actuate.metrics.MetricsExportContextCustomizerFactory$DisableMetricExportContextCustomizer@5680071, org.springframework.boot.test.autoconfigure.filter.TypeExcludeFiltersContextCustomizer@351584c0, org.springframework.boot.test.autoconfigure.properties.PropertyMappingContextCustomizer@8c0ffd32, org.springframework.boot.test.autoconfigure.web.servlet.WebDriverContextCustomizerFactory$Customizer@5e7ca101, [ImportsContextCustomizer@4830d464 key = [br.com.pizmo.config.BaseConfiguration, org.springframework.boot.autoconfigure.cache.CacheAutoConfiguration, org.springframework.boot.autoconfigure.data.jpa.JpaRepositoriesAutoConfiguration, org.springframework.boot.autoconfigure.flyway.FlywayAutoConfiguration, org.springframework.boot.autoconfigure.jdbc.DataSourceAutoConfiguration, org.springframework.boot.autoconfigure.jdbc.DataSourceTransactionManagerAutoConfiguration, org.springframework.boot.autoconfigure.jdbc.JdbcTemplateAutoConfiguration, org.springframework.boot.autoconfigure.liquibase.LiquibaseAutoConfiguration, org.springframework.boot.autoconfigure.orm.jpa.HibernateJpaAutoConfiguration, org.springframework.boot.autoconfigure.sql.init.SqlInitializationAutoConfiguration, org.springframework.boot.autoconfigure.transaction.TransactionAutoConfiguration, org.springframework.boot.test.autoconfigure.jdbc.TestDatabaseAutoConfiguration, org.springframework.boot.test.autoconfigure.orm.jpa.TestEntityManagerAutoConfiguration]], org.springframework.boot.test.context.filter.ExcludeFilterContextCustomizer@30125912, org.springframework.boot.test.json.DuplicateJsonObjectContextCustomizerFactory$DuplicateJsonObjectContextCustomizer@34345004, org.springframework.boot.test.mock.mockito.MockitoContextCustomizer@0, org.springframework.boot.test.context.SpringBootTestArgs@1, org.springframework.boot.test.context.SpringBootTestWebEnvironment@0], contextLoader = 'org.springframework.boot.test.context.SpringBootContextLoader', parent = [null]], attributes = map['org.springframework.test.context.event.ApplicationEventsTestExecutionListener.recordApplicationEvents' -> false]]
]]></system-out>
  <system-err><![CDATA[]]></system-err>
</testsuite>
