<?xml version="1.0" encoding="UTF-8"?>
<testsuite name="br.com.pizmo.service.AccountServiceTest" tests="4" skipped="0" failures="0" errors="0" timestamp="2021-09-11T17:37:37" hostname="matheus-VJF155F11X-B2511B" time="0.056">
  <properties/>
  <testcase name="getAccountException" classname="br.com.pizmo.service.AccountServiceTest" time="0.05"/>
  <testcase name="getAccount" classname="br.com.pizmo.service.AccountServiceTest" time="0.002"/>
  <testcase name="addAccount" classname="br.com.pizmo.service.AccountServiceTest" time="0.002"/>
  <testcase name="addAccountSameDocumentNumberException" classname="br.com.pizmo.service.AccountServiceTest" time="0.002"/>
  <system-out><![CDATA[]]></system-out>
  <system-err><![CDATA[]]></system-err>
</testsuite>
