<?xml version="1.0" encoding="UTF-8"?>
<testsuite name="br.com.pizmo.resource.TransactionResourceTest" tests="2" skipped="0" failures="0" errors="0" timestamp="2021-09-11T17:37:38" hostname="matheus-VJF155F11X-B2511B" time="0.303">
  <properties/>
  <testcase name="addNewTransactionMethodArgumentException" classname="br.com.pizmo.resource.TransactionResourceTest" time="0.285"/>
  <testcase name="addNewTransaction" classname="br.com.pizmo.resource.TransactionResourceTest" time="0.017"/>
  <system-out><![CDATA[2021-09-11 14:37:37.580  INFO 12619 --- [    Test worker] .b.t.a.w.s.WebMvcTestContextBootstrapper : Neither @ContextConfiguration nor @ContextHierarchy found for test class [br.com.pizmo.resource.TransactionResourceTest], using SpringBootContextLoader
2021-09-11 14:37:37.581  INFO 12619 --- [    Test worker] o.s.t.c.support.AbstractContextLoader    : Could not detect default resource locations for test class [br.com.pizmo.resource.TransactionResourceTest]: no resource found for suffixes {-context.xml, Context.groovy}.
2021-09-11 14:37:37.582  INFO 12619 --- [    Test worker] t.c.s.AnnotationConfigContextLoaderUtils : Could not detect default configuration classes for test class [br.com.pizmo.resource.TransactionResourceTest]: TransactionResourceTest does not declare any static, non-private, non-final, nested classes annotated with @Configuration.
2021-09-11 14:37:37.624  INFO 12619 --- [    Test worker] .b.t.c.SpringBootTestContextBootstrapper : Found @SpringBootConfiguration br.com.pizmo.PyzmoTestApplication for test class br.com.pizmo.resource.TransactionResourceTest
2021-09-11 14:37:37.626  INFO 12619 --- [    Test worker] .b.t.a.w.s.WebMvcTestContextBootstrapper : Loaded default TestExecutionListener class names from location [META-INF/spring.factories]: [org.springframework.boot.test.autoconfigure.restdocs.RestDocsTestExecutionListener, org.springframework.boot.test.autoconfigure.web.client.MockRestServiceServerResetTestExecutionListener, org.springframework.boot.test.autoconfigure.web.servlet.MockMvcPrintOnlyOnFailureTestExecutionListener, org.springframework.boot.test.autoconfigure.web.servlet.WebDriverTestExecutionListener, org.springframework.boot.test.autoconfigure.webservices.client.MockWebServiceServerTestExecutionListener, org.springframework.boot.test.mock.mockito.MockitoTestExecutionListener, org.springframework.boot.test.mock.mockito.ResetMocksTestExecutionListener, org.springframework.test.context.web.ServletTestExecutionListener, org.springframework.test.context.support.DirtiesContextBeforeModesTestExecutionListener, org.springframework.test.context.event.ApplicationEventsTestExecutionListener, org.springframework.test.context.support.DependencyInjectionTestExecutionListener, org.springframework.test.context.support.DirtiesContextTestExecutionListener, org.springframework.test.context.transaction.TransactionalTestExecutionListener, org.springframework.test.context.jdbc.SqlScriptsTestExecutionListener, org.springframework.test.context.event.EventPublishingTestExecutionListener]
2021-09-11 14:37:37.627  INFO 12619 --- [    Test worker] .b.t.a.w.s.WebMvcTestContextBootstrapper : Using TestExecutionListeners: [org.springframework.test.context.web.ServletTestExecutionListener@59b6946f, org.springframework.test.context.support.DirtiesContextBeforeModesTestExecutionListener@3ecdb6dc, org.springframework.test.context.event.ApplicationEventsTestExecutionListener@269bf70b, org.springframework.boot.test.mock.mockito.MockitoTestExecutionListener@89f20c4, org.springframework.boot.test.autoconfigure.SpringBootDependencyInjectionTestExecutionListener@6567c854, org.springframework.test.context.support.DirtiesContextTestExecutionListener@364fe972, org.springframework.test.context.transaction.TransactionalTestExecutionListener@4f95631f, org.springframework.test.context.jdbc.SqlScriptsTestExecutionListener@3e7de329, org.springframework.test.context.event.EventPublishingTestExecutionListener@6503b9da, org.springframework.boot.test.autoconfigure.restdocs.RestDocsTestExecutionListener@2c4ed871, org.springframework.boot.test.autoconfigure.web.client.MockRestServiceServerResetTestExecutionListener@48a7db7c, org.springframework.boot.test.autoconfigure.web.servlet.MockMvcPrintOnlyOnFailureTestExecutionListener@19920dea, org.springframework.boot.test.autoconfigure.web.servlet.WebDriverTestExecutionListener@61a7ba6b, org.springframework.boot.test.autoconfigure.webservices.client.MockWebServiceServerTestExecutionListener@3bf06b7e, org.springframework.boot.test.mock.mockito.ResetMocksTestExecutionListener@4d7a3b47]

  .   ____          _            __ _ _
 /\\ / ___'_ __ _ _(_)_ __  __ _ \ \ \ \
( ( )\___ | '_ | '_| | '_ \/ _` | \ \ \ \
 \\/  ___)| |_)| | | | | || (_| |  ) ) ) )
  '  |____| .__|_| |_|_| |_\__, | / / / /
 =========|_|==============|___/=/_/_/_/
 :: Spring Boot ::                (v2.5.0)

2021-09-11 14:37:37.681  INFO 12619 --- [    Test worker] b.c.p.resource.TransactionResourceTest   : Starting TransactionResourceTest using Java 11.0.8 on matheus-VJF155F11X-B2511B with PID 12619 (started by matheus in /home/matheus/dev/pizmo)
2021-09-11 14:37:37.683  INFO 12619 --- [    Test worker] b.c.p.resource.TransactionResourceTest   : No active profile set, falling back to default profiles: default
2021-09-11 14:37:38.786  INFO 12619 --- [    Test worker] o.s.b.t.m.w.SpringBootMockServletContext : Initializing Spring TestDispatcherServlet ''
2021-09-11 14:37:38.787  INFO 12619 --- [    Test worker] o.s.t.web.servlet.TestDispatcherServlet  : Initializing Servlet ''
2021-09-11 14:37:38.789  INFO 12619 --- [    Test worker] o.s.t.web.servlet.TestDispatcherServlet  : Completed initialization in 2 ms
2021-09-11 14:37:38.812  INFO 12619 --- [    Test worker] b.c.p.resource.TransactionResourceTest   : Started TransactionResourceTest in 1.178 seconds (JVM running for 14.523)
]]></system-out>
  <system-err><![CDATA[]]></system-err>
</testsuite>
