<?xml version="1.0" encoding="UTF-8"?>
<testsuite name="br.com.pizmo.resource.AccountResourceTest" tests="2" skipped="0" failures="0" errors="0" timestamp="2021-09-11T17:37:39" hostname="matheus-VJF155F11X-B2511B" time="0.032">
  <properties/>
  <testcase name="addNewAccount" classname="br.com.pizmo.resource.AccountResourceTest" time="0.017"/>
  <testcase name="findAccount" classname="br.com.pizmo.resource.AccountResourceTest" time="0.013"/>
  <system-out><![CDATA[2021-09-11 14:37:39.125  INFO 12619 --- [    Test worker] .b.t.a.w.s.WebMvcTestContextBootstrapper : Neither @ContextConfiguration nor @ContextHierarchy found for test class [br.com.pizmo.resource.AccountResourceTest], using SpringBootContextLoader
2021-09-11 14:37:39.126  INFO 12619 --- [    Test worker] o.s.t.c.support.AbstractContextLoader    : Could not detect default resource locations for test class [br.com.pizmo.resource.AccountResourceTest]: no resource found for suffixes {-context.xml, Context.groovy}.
2021-09-11 14:37:39.126  INFO 12619 --- [    Test worker] t.c.s.AnnotationConfigContextLoaderUtils : Could not detect default configuration classes for test class [br.com.pizmo.resource.AccountResourceTest]: AccountResourceTest does not declare any static, non-private, non-final, nested classes annotated with @Configuration.
2021-09-11 14:37:39.132  INFO 12619 --- [    Test worker] .b.t.c.SpringBootTestContextBootstrapper : Found @SpringBootConfiguration br.com.pizmo.PyzmoTestApplication for test class br.com.pizmo.resource.AccountResourceTest
2021-09-11 14:37:39.134  INFO 12619 --- [    Test worker] .b.t.a.w.s.WebMvcTestContextBootstrapper : Loaded default TestExecutionListener class names from location [META-INF/spring.factories]: [org.springframework.boot.test.autoconfigure.restdocs.RestDocsTestExecutionListener, org.springframework.boot.test.autoconfigure.web.client.MockRestServiceServerResetTestExecutionListener, org.springframework.boot.test.autoconfigure.web.servlet.MockMvcPrintOnlyOnFailureTestExecutionListener, org.springframework.boot.test.autoconfigure.web.servlet.WebDriverTestExecutionListener, org.springframework.boot.test.autoconfigure.webservices.client.MockWebServiceServerTestExecutionListener, org.springframework.boot.test.mock.mockito.MockitoTestExecutionListener, org.springframework.boot.test.mock.mockito.ResetMocksTestExecutionListener, org.springframework.test.context.web.ServletTestExecutionListener, org.springframework.test.context.support.DirtiesContextBeforeModesTestExecutionListener, org.springframework.test.context.event.ApplicationEventsTestExecutionListener, org.springframework.test.context.support.DependencyInjectionTestExecutionListener, org.springframework.test.context.support.DirtiesContextTestExecutionListener, org.springframework.test.context.transaction.TransactionalTestExecutionListener, org.springframework.test.context.jdbc.SqlScriptsTestExecutionListener, org.springframework.test.context.event.EventPublishingTestExecutionListener]
2021-09-11 14:37:39.135  INFO 12619 --- [    Test worker] .b.t.a.w.s.WebMvcTestContextBootstrapper : Using TestExecutionListeners: [org.springframework.test.context.web.ServletTestExecutionListener@313c4bc9, org.springframework.test.context.support.DirtiesContextBeforeModesTestExecutionListener@e265a98, org.springframework.test.context.event.ApplicationEventsTestExecutionListener@6b5bf4c9, org.springframework.boot.test.mock.mockito.MockitoTestExecutionListener@3b7a633d, org.springframework.boot.test.autoconfigure.SpringBootDependencyInjectionTestExecutionListener@684b1598, org.springframework.test.context.support.DirtiesContextTestExecutionListener@54056093, org.springframework.test.context.transaction.TransactionalTestExecutionListener@60cc2b66, org.springframework.test.context.jdbc.SqlScriptsTestExecutionListener@8c7cfc9, org.springframework.test.context.event.EventPublishingTestExecutionListener@3890fc9c, org.springframework.boot.test.autoconfigure.restdocs.RestDocsTestExecutionListener@47ee12e5, org.springframework.boot.test.autoconfigure.web.client.MockRestServiceServerResetTestExecutionListener@46788665, org.springframework.boot.test.autoconfigure.web.servlet.MockMvcPrintOnlyOnFailureTestExecutionListener@70f7a0e4, org.springframework.boot.test.autoconfigure.web.servlet.WebDriverTestExecutionListener@4fbcd67a, org.springframework.boot.test.autoconfigure.webservices.client.MockWebServiceServerTestExecutionListener@78728c52, org.springframework.boot.test.mock.mockito.ResetMocksTestExecutionListener@7a3b6697]

  .   ____          _            __ _ _
 /\\ / ___'_ __ _ _(_)_ __  __ _ \ \ \ \
( ( )\___ | '_ | '_| | '_ \/ _` | \ \ \ \
 \\/  ___)| |_)| | | | | || (_| |  ) ) ) )
  '  |____| .__|_| |_|_| |_\__, | / / / /
 =========|_|==============|___/=/_/_/_/
 :: Spring Boot ::                (v2.5.0)

2021-09-11 14:37:39.179  INFO 12619 --- [    Test worker] b.c.pizmo.resource.AccountResourceTest   : Starting AccountResourceTest using Java 11.0.8 on matheus-VJF155F11X-B2511B with PID 12619 (started by matheus in /home/matheus/dev/pizmo)
2021-09-11 14:37:39.181  INFO 12619 --- [    Test worker] b.c.pizmo.resource.AccountResourceTest   : No active profile set, falling back to default profiles: default
2021-09-11 14:37:39.811  INFO 12619 --- [    Test worker] o.s.b.t.m.w.SpringBootMockServletContext : Initializing Spring TestDispatcherServlet ''
2021-09-11 14:37:39.811  INFO 12619 --- [    Test worker] o.s.t.web.servlet.TestDispatcherServlet  : Initializing Servlet ''
2021-09-11 14:37:39.812  INFO 12619 --- [    Test worker] o.s.t.web.servlet.TestDispatcherServlet  : Completed initialization in 1 ms
2021-09-11 14:37:39.825  INFO 12619 --- [    Test worker] b.c.pizmo.resource.AccountResourceTest   : Started AccountResourceTest in 0.686 seconds (JVM running for 15.536)
]]></system-out>
  <system-err><![CDATA[]]></system-err>
</testsuite>
