<?xml version="1.0" encoding="UTF-8"?>
<testsuite name="br.com.pizmo.resource.TransactionResourceTest" tests="2" skipped="0" failures="0" errors="0" timestamp="2021-09-11T17:12:54" hostname="matheus-VJF155F11X-B2511B" time="0.492">
  <properties/>
  <testcase name="addNewTransactionMethodArgumentException" classname="br.com.pizmo.resource.TransactionResourceTest" time="0.459"/>
  <testcase name="addNewTransaction" classname="br.com.pizmo.resource.TransactionResourceTest" time="0.031"/>
  <system-out><![CDATA[2021-09-11 14:12:52.328  INFO 8779 --- [    Test worker] .b.t.a.w.s.WebMvcTestContextBootstrapper : Neither @ContextConfiguration nor @ContextHierarchy found for test class [br.com.pizmo.resource.TransactionResourceTest], using SpringBootContextLoader
2021-09-11 14:12:52.331  INFO 8779 --- [    Test worker] o.s.t.c.support.AbstractContextLoader    : Could not detect default resource locations for test class [br.com.pizmo.resource.TransactionResourceTest]: no resource found for suffixes {-context.xml, Context.groovy}.
2021-09-11 14:12:52.331  INFO 8779 --- [    Test worker] t.c.s.AnnotationConfigContextLoaderUtils : Could not detect default configuration classes for test class [br.com.pizmo.resource.TransactionResourceTest]: TransactionResourceTest does not declare any static, non-private, non-final, nested classes annotated with @Configuration.
2021-09-11 14:12:52.356  INFO 8779 --- [    Test worker] .b.t.c.SpringBootTestContextBootstrapper : Found @SpringBootConfiguration br.com.pizmo.PyzmoTestApplication for test class br.com.pizmo.resource.TransactionResourceTest
2021-09-11 14:12:52.358  INFO 8779 --- [    Test worker] .b.t.a.w.s.WebMvcTestContextBootstrapper : Loaded default TestExecutionListener class names from location [META-INF/spring.factories]: [org.springframework.boot.test.autoconfigure.restdocs.RestDocsTestExecutionListener, org.springframework.boot.test.autoconfigure.web.client.MockRestServiceServerResetTestExecutionListener, org.springframework.boot.test.autoconfigure.web.servlet.MockMvcPrintOnlyOnFailureTestExecutionListener, org.springframework.boot.test.autoconfigure.web.servlet.WebDriverTestExecutionListener, org.springframework.boot.test.autoconfigure.webservices.client.MockWebServiceServerTestExecutionListener, org.springframework.boot.test.mock.mockito.MockitoTestExecutionListener, org.springframework.boot.test.mock.mockito.ResetMocksTestExecutionListener, org.springframework.test.context.web.ServletTestExecutionListener, org.springframework.test.context.support.DirtiesContextBeforeModesTestExecutionListener, org.springframework.test.context.event.ApplicationEventsTestExecutionListener, org.springframework.test.context.support.DependencyInjectionTestExecutionListener, org.springframework.test.context.support.DirtiesContextTestExecutionListener, org.springframework.test.context.transaction.TransactionalTestExecutionListener, org.springframework.test.context.jdbc.SqlScriptsTestExecutionListener, org.springframework.test.context.event.EventPublishingTestExecutionListener]
2021-09-11 14:12:52.359  INFO 8779 --- [    Test worker] .b.t.a.w.s.WebMvcTestContextBootstrapper : Using TestExecutionListeners: [org.springframework.test.context.web.ServletTestExecutionListener@68ab5a60, org.springframework.test.context.support.DirtiesContextBeforeModesTestExecutionListener@4116dc7d, org.springframework.test.context.event.ApplicationEventsTestExecutionListener@23857773, org.springframework.boot.test.mock.mockito.MockitoTestExecutionListener@1f16a7ec, org.springframework.boot.test.autoconfigure.SpringBootDependencyInjectionTestExecutionListener@2ddc9634, org.springframework.test.context.support.DirtiesContextTestExecutionListener@5a5e52c6, org.springframework.test.context.transaction.TransactionalTestExecutionListener@52688811, org.springframework.test.context.jdbc.SqlScriptsTestExecutionListener@786b6c77, org.springframework.test.context.event.EventPublishingTestExecutionListener@31cf3878, org.springframework.boot.test.autoconfigure.restdocs.RestDocsTestExecutionListener@19af84e5, org.springframework.boot.test.autoconfigure.web.client.MockRestServiceServerResetTestExecutionListener@f91afc1, org.springframework.boot.test.autoconfigure.web.servlet.MockMvcPrintOnlyOnFailureTestExecutionListener@2cba7290, org.springframework.boot.test.autoconfigure.web.servlet.WebDriverTestExecutionListener@647e8387, org.springframework.boot.test.autoconfigure.webservices.client.MockWebServiceServerTestExecutionListener@193bb41, org.springframework.boot.test.mock.mockito.ResetMocksTestExecutionListener@3fee315]

  .   ____          _            __ _ _
 /\\ / ___'_ __ _ _(_)_ __  __ _ \ \ \ \
( ( )\___ | '_ | '_| | '_ \/ _` | \ \ \ \
 \\/  ___)| |_)| | | | | || (_| |  ) ) ) )
  '  |____| .__|_| |_|_| |_\__, | / / / /
 =========|_|==============|___/=/_/_/_/
 :: Spring Boot ::                (v2.5.0)

2021-09-11 14:12:52.430  INFO 8779 --- [    Test worker] b.c.p.resource.TransactionResourceTest   : Starting TransactionResourceTest using Java 11.0.8 on matheus-VJF155F11X-B2511B with PID 8779 (started by matheus in /home/matheus/dev/teste)
2021-09-11 14:12:52.435  INFO 8779 --- [    Test worker] b.c.p.resource.TransactionResourceTest   : No active profile set, falling back to default profiles: default
2021-09-11 14:12:54.445  INFO 8779 --- [    Test worker] o.s.b.t.m.w.SpringBootMockServletContext : Initializing Spring TestDispatcherServlet ''
2021-09-11 14:12:54.446  INFO 8779 --- [    Test worker] o.s.t.web.servlet.TestDispatcherServlet  : Initializing Servlet ''
2021-09-11 14:12:54.449  INFO 8779 --- [    Test worker] o.s.t.web.servlet.TestDispatcherServlet  : Completed initialization in 3 ms
2021-09-11 14:12:54.492  INFO 8779 --- [    Test worker] b.c.p.resource.TransactionResourceTest   : Started TransactionResourceTest in 2.124 seconds (JVM running for 22.313)
]]></system-out>
  <system-err><![CDATA[]]></system-err>
</testsuite>
